<?xml version="1.0" encoding="UTF-8"?>
<!-- Generated by org.testng.reporters.JUnitReportReporter -->
<testsuite hostname="DESKTOP-0ERKDPK" failures="0" tests="1" name="practiceTest.test" time="18.814" errors="0" timestamp="2024-01-24T18:28:38 IST" skipped="0">
  <testcase classname="practiceTest.test" name="youtube" time="18.814"/>
  <system-out/>
</testsuite> <!-- practiceTest.test -->
